    _                _                      
   / \   ___ ___ ___| | ___ _ __ __ _ _   _ 
  / _ \ / __/ __/ _ \ |/ _ \ '__/ _` | | | |
 / ___ \ (_| (_|  __/ |  __/ | | (_| | |_| |
/_/   \_\___\___\___|_|\___|_|  \__, |\__, |
                                |___/ |___/ 

Info: generating outputs according to the following specified output flags... 
 Please use the -f flag to update the preference (default to all output files) 
{'ERT': 1, 'ERT_summary': 1, 'ART': 1, 'ART_summary': 1, 'energy_estimation': 1, 'flattened_arch': 1}
Info: config file located: /home/phil/.config/accelergy/accelergy_config.yaml 
config file content: 
 {'compound_components': [], 'estimator_plug_ins': ['/home/phil/.local/share/accelergy/estimation_plug_ins'], 'primitive_components': ['/home/phil/.local/share/accelergy/primitive_component_libs'], 'table_plug_ins': {'roots': ['/home/phil/.local/share/accelergy/estimation_plug_ins/accelergy-table-based-plug-ins/set_of_table_templates']}, 'version': 0.3}
Info: Parsing file arch.yaml for architecture info 
Info: primitive component file parsed:  /home/phil/.local/share/accelergy/primitive_component_libs/primitive_component.lib.yaml 
Info: primitive component file parsed:  /home/phil/.local/share/accelergy/primitive_component_libs/pim_primitive_component.lib.yaml 
Info: primitive component file parsed:  /home/phil/.local/share/accelergy/primitive_component_libs/soc_primitives.lib.yaml 
Warn: No compound component classes specified, architecture can only contain primitive components 
Info: estimator plug-in identified by:  /home/phil/.local/share/accelergy/estimation_plug_ins/accelergy-table-based-plug-ins/table.estimator.yaml 
table-based-plug-ins Identifies a set of tables named:  test_tables
Info: estimator plug-in identified by:  /home/phil/.local/share/accelergy/estimation_plug_ins/dummy_tables/dummy.estimator.yaml 
Info: estimator plug-in identified by:  /home/phil/.local/share/accelergy/estimation_plug_ins/accelergy-aladdin-plug-in/aladdin.estimator.yaml 
Info: estimator plug-in identified by:  /home/phil/.local/share/accelergy/estimation_plug_ins/accelergy-cacti-plug-in/cacti.estimator.yaml 
Info: CACTI plug-in... Querying CACTI for request:
 {'class_name': 'SRAM', 'attributes': {'depth': 8192, 'width': 256, 'block-size': 1, 'word-bits': 8, 'technology': '40nm', 'n_rd_ports': 0, 'n_wr_ports': 0, 'n_rdwr_ports': 1, 'n_banks': 1, 'latency': '5ns'}, 'action_name': 'read', 'arguments': {'data_delta': 0, 'address_delta': 0}}
copy  /home/phil/.local/share/accelergy/estimation_plug_ins/accelergy-cacti-plug-in/default_SRAM.cfg  to  /home/phil/.local/share/accelergy/estimation_plug_ins/accelergy-cacti-plug-in/cacti/timeloop-metric.03_16_21_50_18_SRAM.cfg
CACTI plug-in removing temp file:  /home/phil/.local/share/accelergy/estimation_plug_ins/accelergy-cacti-plug-in/cacti/timeloop-metric.03_16_21_50_18_SRAM.cfg
Warn: No action counts are specified as yaml input 
Info: flattened architecture is saved to: ./timeloop-metric.flattened_architecture.yaml 
Info: energy reference table is saved to: ./timeloop-metric.ERT.yaml 
Info: energy reference table summary is saved to: ./timeloop-metric.ERT_summary.yaml 
Warn: no runtime energy estimations are generated... not generating energy_estimation.yaml 
Info: area reference table is saved to: ./timeloop-metric.ART.yaml 
Info: area reference table summary is saved to: ./timeloop-metric.ART_summary.yaml 
